<?xml version="1.0" encoding="UTF-8"?>
<coverage generated="1759310773432" clover="3.2.0">
  <project timestamp="1759310773432" name="All files">
    <metrics statements="13" coveredstatements="8" conditionals="2" coveredconditionals="0" methods="5" coveredmethods="2" elements="20" coveredelements="10" complexity="0" loc="13" ncloc="13" packages="1" files="2" classes="2"/>
    <file name="User.ts" path="C:\Users\Peter\Documents\TypeScriptProjects\tutorial.typescript\09 testing with Jest\data\User.ts">
      <metrics statements="7" coveredstatements="3" conditionals="2" coveredconditionals="0" methods="3" coveredmethods="1"/>
      <line num="1" count="1" type="stmt"/>
      <line num="2" count="0" type="stmt"/>
      <line num="5" count="0" type="cond" truecount="0" falsecount="2"/>
      <line num="6" count="0" type="stmt"/>
      <line num="10" count="1" type="stmt"/>
      <line num="11" count="0" type="stmt"/>
      <line num="13" count="1" type="stmt"/>
    </file>
    <file name="UserRepo.ts" path="C:\Users\Peter\Documents\TypeScriptProjects\tutorial.typescript\09 testing with Jest\data\UserRepo.ts">
      <metrics statements="6" coveredstatements="5" conditionals="0" coveredconditionals="0" methods="2" coveredmethods="1"/>
      <line num="1" count="1" type="stmt"/>
      <line num="3" count="1" type="stmt"/>
      <line num="4" count="1" type="stmt"/>
      <line num="6" count="1" type="stmt"/>
      <line num="7" count="0" type="stmt"/>
      <line num="9" count="1" type="stmt"/>
    </file>
  </project>
</coverage>
